<?xml version="1.0" encoding="UTF-8"?>
<databaseChangeLog
        logicalFilePath="relative"
        xmlns="http://www.liquibase.org/xml/ns/dbchangelog"
        xmlns:xsi="http://www.w3.org/2001/XMLSchema-instance"
        xsi:schemaLocation="http://www.liquibase.org/xml/ns/dbchangelog
                      http://www.liquibase.org/xml/ns/dbchangelog/dbchangelog-3.8.xsd">

    <changeSet id="111111111111-A" author="siux">
        <addColumn tableName="game">
            <column defaultValueComputed="NULL" name="user_id" type="BIGINT UNSIGNED" />
        </addColumn>


        <addForeignKeyConstraint baseTableName="game" baseColumnNames="user_id" constraintName="user_created_game_fk" referencedTableName="user"
                                 referencedColumnNames="id"/>
    </changeSet>


</databaseChangeLog>