<?xml version="1.0" encoding="UTF-8"?>
<databaseChangeLog
        logicalFilePath="relative"
        xmlns="http://www.liquibase.org/xml/ns/dbchangelog"
        xmlns:xsi="http://www.w3.org/2001/XMLSchema-instance"
        xsi:schemaLocation="http://www.liquibase.org/xml/ns/dbchangelog
                      http://www.liquibase.org/xml/ns/dbchangelog/dbchangelog-3.8.xsd">

    <changeSet author="siux (generated)" id="100 - C1.1">
        <addColumn tableName="game_session_player">
            <column name="selected_strategy_id" type="BIGINT UNSIGNED" />
        </addColumn>

        <addForeignKeyConstraint baseTableName="game_session_player" baseColumnNames="selected_strategy_id" constraintName="game_session_player_selected_strategy_fk" referencedTableName="strategy"
                                 referencedColumnNames="id" />
    </changeSet>

</databaseChangeLog>